<<<<<<< HEAD
[29-Nov-2025 19:35:21 Europe/Berlin] PHP Notice:  session_start(): Ignoring session_start() because a session is already active in C:\xampp\htdocs\red\red-social-basica\auth.php on line 69
[29-Nov-2025 19:35:22 Europe/Berlin] PHP Notice:  session_start(): Ignoring session_start() because a session is already active in C:\xampp\htdocs\red\red-social-basica\auth.php on line 69
[29-Nov-2025 19:36:31 Europe/Berlin] PHP Notice:  session_start(): Ignoring session_start() because a session is already active in C:\xampp\htdocs\red\red-social-basica\auth.php on line 69
[29-Nov-2025 19:55:26 Europe/Berlin] PHP Notice:  session_start(): Ignoring session_start() because a session is already active in C:\xampp\htdocs\red\red-social-basica\auth.php on line 69
[29-Nov-2025 19:59:05 Europe/Berlin] PHP Notice:  session_start(): Ignoring session_start() because a session is already active in C:\xampp\htdocs\red\red-social-basica\auth.php on line 38
[29-Nov-2025 19:59:26 Europe/Berlin] PHP Notice:  session_start(): Ignoring session_start() because a session is already active in C:\xampp\htdocs\red\red-social-basica\auth.php on line 69
[29-Nov-2025 20:04:40 Europe/Berlin] PHP Notice:  session_start(): Ignoring session_start() because a session is already active in C:\xampp\htdocs\red\red-social-basica\auth.php on line 69
=======
[29-Nov-2025 19:28:40 Europe/Berlin] PHP Notice:  session_start(): Ignoring session_start() because a session is already active in C:\xampp\htdocs\INICIOYperfil\red-social-basica\auth.php on line 38
[29-Nov-2025 19:28:57 Europe/Berlin] PHP Notice:  session_start(): Ignoring session_start() because a session is already active in C:\xampp\htdocs\INICIOYperfil\red-social-basica\auth.php on line 69
[29-Nov-2025 19:33:04 Europe/Berlin] PHP Notice:  session_start(): Ignoring session_start() because a session is already active in C:\xampp\htdocs\INICIOYperfil\red-social-basica\auth.php on line 69
[29-Nov-2025 19:43:59 Europe/Berlin] PHP Notice:  session_start(): Ignoring session_start() because a session is already active in C:\xampp\htdocs\INICIOYperfil\red-social-basica\auth.php on line 86
[29-Nov-2025 19:44:26 Europe/Berlin] PHP Notice:  session_start(): Ignoring session_start() because a session is already active in C:\xampp\htdocs\INICIOYperfil\red-social-basica\auth.php on line 69
[29-Nov-2025 19:44:38 Europe/Berlin] PHP Notice:  session_start(): Ignoring session_start() because a session is already active in C:\xampp\htdocs\INICIOYperfil\red-social-basica\auth.php on line 86
[29-Nov-2025 19:45:52 Europe/Berlin] PHP Notice:  session_start(): Ignoring session_start() because a session is already active in C:\xampp\htdocs\INICIOYperfil\red-social-basica\auth.php on line 69
>>>>>>> 09083a5c640f85c2a5f38144da91563e869fcc14
<<<<<<< HEAD
[29-Nov-2025 20:05:20 Europe/Berlin] PHP Notice:  session_start(): Ignoring session_start() because a session is already active in C:\xampp\htdocs\INICIOYperfil\red-social-basica\auth.php on line 86
[29-Nov-2025 20:08:51 Europe/Berlin] PHP Notice:  session_start(): Ignoring session_start() because a session is already active in C:\xampp\htdocs\INICIOYperfil\red-social-basica\auth.php on line 69
[29-Nov-2025 20:08:51 Europe/Berlin] PHP Notice:  session_start(): Ignoring session_start() because a session is already active in C:\xampp\htdocs\INICIOYperfil\red-social-basica\auth.php on line 69
=======
[29-Nov-2025 20:12:14 Europe/Berlin] PHP Notice:  session_start(): Ignoring session_start() because a session is already active in C:\xampp\htdocs\red\red-social-basica\auth.php on line 86
[29-Nov-2025 20:12:43 Europe/Berlin] PHP Notice:  session_start(): Ignoring session_start() because a session is already active in C:\xampp\htdocs\red\red-social-basica\auth.php on line 69
<<<<<<< HEAD
[29-Nov-2025 20:28:47 Europe/Berlin] PHP Notice:  session_start(): Ignoring session_start() because a session is already active in C:\xampp\htdocs\red\red-social-basica\auth.php on line 86
[29-Nov-2025 20:35:20 Europe/Berlin] PHP Notice:  session_start(): Ignoring session_start() because a session is already active in C:\xampp\htdocs\red\red-social-basica\auth.php on line 69
=======
>>>>>>> 9d6664060cb08216e1a8397251f450a18c55e508
<<<<<<< HEAD
[29-Nov-2025 20:21:05 Europe/Berlin] PHP Notice:  session_start(): Ignoring session_start() because a session is already active in C:\xampp\htdocs\INICIOYperfil\red-social-basica\auth.php on line 38
[29-Nov-2025 20:21:21 Europe/Berlin] PHP Notice:  session_start(): Ignoring session_start() because a session is already active in C:\xampp\htdocs\INICIOYperfil\red-social-basica\auth.php on line 69
[29-Nov-2025 20:24:27 Europe/Berlin] PHP Notice:  session_start(): Ignoring session_start() because a session is already active in C:\xampp\htdocs\INICIOYperfil\red-social-basica\auth.php on line 86
[29-Nov-2025 20:24:40 Europe/Berlin] PHP Notice:  session_start(): Ignoring session_start() because a session is already active in C:\xampp\htdocs\INICIOYperfil\red-social-basica\auth.php on line 69
[29-Nov-2025 20:29:21 Europe/Berlin] PHP Notice:  session_start(): Ignoring session_start() because a session is already active in C:\xampp\htdocs\INICIOYperfil\red-social-basica\auth.php on line 86
[29-Nov-2025 20:29:51 Europe/Berlin] PHP Notice:  session_start(): Ignoring session_start() because a session is already active in C:\xampp\htdocs\INICIOYperfil\red-social-basica\auth.php on line 38
[29-Nov-2025 20:30:06 Europe/Berlin] PHP Notice:  session_start(): Ignoring session_start() because a session is already active in C:\xampp\htdocs\INICIOYperfil\red-social-basica\auth.php on line 69
=======
>>>>>>> f3144586319f0361215d1b3c6611a335a035c671
>>>>>>> 3fc8c372dc14737987fa06f9f9e921de480b7a18
[29-Nov-2025 20:47:08 Europe/Berlin] PHP Notice:  session_start(): Ignoring session_start() because a session is already active in C:\xampp\htdocs\red\red-social-basica\auth.php on line 86
[29-Nov-2025 20:47:17 Europe/Berlin] PHP Notice:  session_start(): Ignoring session_start() because a session is already active in C:\xampp\htdocs\red\red-social-basica\auth.php on line 69
[29-Nov-2025 20:47:31 Europe/Berlin] PHP Notice:  session_start(): Ignoring session_start() because a session is already active in C:\xampp\htdocs\red\red-social-basica\auth.php on line 86
[29-Nov-2025 20:48:04 Europe/Berlin] PHP Notice:  session_start(): Ignoring session_start() because a session is already active in C:\xampp\htdocs\red\red-social-basica\auth.php on line 69
[29-Nov-2025 20:52:27 Europe/Berlin] PHP Notice:  session_start(): Ignoring session_start() because a session is already active in C:\xampp\htdocs\red\red-social-basica\auth.php on line 86
[29-Nov-2025 20:52:39 Europe/Berlin] PHP Notice:  session_start(): Ignoring session_start() because a session is already active in C:\xampp\htdocs\red\red-social-basica\auth.php on line 69
[29-Nov-2025 20:57:07 Europe/Berlin] PHP Notice:  session_start(): Ignoring session_start() because a session is already active in C:\xampp\htdocs\red\red-social-basica\auth.php on line 86
[29-Nov-2025 20:57:27 Europe/Berlin] PHP Notice:  session_start(): Ignoring session_start() because a session is already active in C:\xampp\htdocs\red\red-social-basica\auth.php on line 38
[29-Nov-2025 20:57:37 Europe/Berlin] PHP Notice:  session_start(): Ignoring session_start() because a session is already active in C:\xampp\htdocs\red\red-social-basica\auth.php on line 69
